This is pdfTeXk, Version 3.1415926-1.40.9 (Web2C 7.5.7) (format=latex 2009.2.18)  2 JUN 2009 16:27
entering extended mode
 %&-line parsing enabled.
**HepCppIntroGuide
(./HepCppIntroGuide.tex
LaTeX2e <2005/12/01>
Babel <v3.8l> and hyphenation patterns for english, usenglishmax, dumylang, noh
yphenation, german-x-2008-06-18, ngerman-x-2008-06-18, ancientgreek, ibycus, ar
abic, basque, bulgarian, catalan, pinyin, coptic, croatian, czech, danish, dutc
h, esperanto, estonian, farsi, finnish, french, galician, german, ngerman, mono
greek, greek, hungarian, icelandic, indonesian, interlingua, irish, italian, la
tin, lithuanian, mongolian, mongolian2a, bokmal, nynorsk, polish, portuguese, r
omanian, russian, sanskrit, serbian, slovak, slovenian, spanish, swedish, turki
sh, ukenglish, ukrainian, uppersorbian, welsh, loaded.
(/usr/local/texlive/2008/texmf-dist/tex/latex/koma-script/scrartcl.cls
Document Class: scrartcl 2008/12/09 v3.01b KOMA-Script document class (article)

(/usr/local/texlive/2008/texmf-dist/tex/latex/koma-script/scrkbase.sty
Package: scrkbase 2008/12/09 v3.01b KOMA-Script package (KOMA-Script-dependent 
basics and keyval usage)

(/usr/local/texlive/2008/texmf-dist/tex/latex/koma-script/scrbase.sty
Package: scrbase 2008/12/09 v3.01b KOMA-Script package (KOMA-Script-independent
 basics and keyval usage)

(/usr/local/texlive/2008/texmf-dist/tex/latex/graphics/keyval.sty
Package: keyval 1999/03/16 v1.13 key=value parser (DPC)
\KV@toks@=\toks14
)
(/usr/local/texlive/2008/texmf-dist/tex/latex/koma-script/scrlfile.sty
Package: scrlfile 2008/07/09 v3.00 KOMA-Script package (loading files)

Package scrlfile, 2008/07/09 v3.00 KOMA-Script package (loading files)
                  Copyright (C) Markus Kohm

))) (/usr/local/texlive/2008/texmf-dist/tex/latex/koma-script/tocbasic.sty
Package: tocbasic 2008/11/13 v3.01(package)
)
Package tocbasic Info: omitting babel extension for `toc'
(tocbasic)             because of feature `nobabel' available
(tocbasic)             for `toc' on input line 112.
Package tocbasic Info: omitting babel extension for `lof'
(tocbasic)             because of feature `nobabel' available
(tocbasic)             for `lof' on input line 113.
Package tocbasic Info: omitting babel extension for `lot'
(tocbasic)             because of feature `nobabel' available
(tocbasic)             for `lot' on input line 114.
Package scrartcl Info: You've used obsolete option `11pt'.
(scrartcl)             \KOMAExecuteOptions{fontsize=11pt} will be
(scrartcl)             used instead.
(scrartcl)             You may simply replace `11pt'
(scrartcl)             by `fontsize=11pt'.
Class scrartcl Info: File `scrsize11pt.clo' used to setup font sizes on input l
ine 1157.

(/usr/local/texlive/2008/texmf-dist/tex/latex/koma-script/scrsize11pt.clo
File: scrsize11pt.clo 2008/12/09 v3.01b KOMA-Script font size class option (11p
t)
)
(/usr/local/texlive/2008/texmf-dist/tex/latex/koma-script/typearea.sty
Package: typearea 2008/12/09 v3.01b KOMA-Script package (type area)

Package typearea, 2008/12/09 v3.01b KOMA-Script package (type area)
                  Copyright (C) Frank Neukam, 1992-1994
                  Copyright (C) Markus Kohm, 1994-

\ta@bcor=\skip41
\ta@div=\count79
Package typearea Info: You've used standard option `a4paper'.
(typearea)             This is correct!
(typearea)             Internaly I'm using `paper=a4'.
(typearea)             If you'd like to set the option with \KOMAoptions,
(typearea)             you'd have to use `paper=a4' there
(typearea)             instead of `a4paper', too.
\ta@hblk=\skip42
\ta@vblk=\skip43
\ta@temp=\skip44
Package typearea Info: These are the values describing the layout:
(typearea)             DIV  = 10
(typearea)             BCOR = 0.0pt
(typearea)             \paperwidth      = 597.50793pt
(typearea)              \textwidth      = 418.25555pt
(typearea)              DIV departure   = -6%
(typearea)              \evensidemargin = 17.3562pt
(typearea)              \oddsidemargin  = 17.3562pt
(typearea)             \paperheight     = 845.04694pt
(typearea)              \textheight     = 595.80026pt
(typearea)              \topmargin      = -25.16531pt
(typearea)              \headheight     = 17.0pt
(typearea)              \headsep        = 20.40001pt
(typearea)              \topskip        = 11.0pt
(typearea)              \footskip       = 47.60002pt
(typearea)              \baselineskip   = 13.6pt
(typearea)              on input line 1039.
)
\c@part=\count80
\c@section=\count81
\c@subsection=\count82
\c@subsubsection=\count83
\c@paragraph=\count84
\c@subparagraph=\count85
\abovecaptionskip=\skip45
\belowcaptionskip=\skip46
\c@pti@nb@sid@b@x=\box26
\c@figure=\count86
\c@table=\count87
\bibindent=\dimen102
) (/usr/local/texlive/2008/texmf-dist/tex/latex/graphics/graphicx.sty
Package: graphicx 1999/02/16 v1.0f Enhanced LaTeX Graphics (DPC,SPQR)

(/usr/local/texlive/2008/texmf-dist/tex/latex/graphics/graphics.sty
Package: graphics 2006/02/20 v1.0o Standard LaTeX Graphics (DPC,SPQR)

(/usr/local/texlive/2008/texmf-dist/tex/latex/graphics/trig.sty
Package: trig 1999/03/16 v1.09 sin cos tan (DPC)
)
(/usr/local/texlive/2008/texmf/tex/latex/config/graphics.cfg
File: graphics.cfg 2007/01/18 v1.5 graphics configuration of teTeX/TeXLive
)
Package graphics Info: Driver file: dvips.def on input line 90.

(/usr/local/texlive/2008/texmf-dist/tex/latex/graphics/dvips.def
File: dvips.def 1999/02/16 v3.0i Driver-dependant file (DPC,SPQR)
))
\Gin@req@height=\dimen103
\Gin@req@width=\dimen104
)
(/usr/local/texlive/2008/texmf-dist/tex/latex/acronym/acronym.sty
Package: acronym 2008/12/19 v1.33 Support for acronyms (Tobias Oetiker)

(/usr/local/texlive/2008/texmf-dist/tex/latex/bigfoot/suffix.sty
Package: suffix 2006/07/15 1.5 Variant command support
)
\AC@clearlist=\toks15
)
(/usr/local/texlive/2008/texmf-dist/tex/latex/fancyhdr/fancyhdr.sty
\fancy@headwidth=\skip47
\f@ncyO@elh=\skip48
\f@ncyO@erh=\skip49
\f@ncyO@olh=\skip50
\f@ncyO@orh=\skip51
\f@ncyO@elf=\skip52
\f@ncyO@erf=\skip53
\f@ncyO@olf=\skip54
\f@ncyO@orf=\skip55
)
(./HepCppIntroGuide.aux)
\openout1 = `HepCppIntroGuide.aux'.

LaTeX Font Info:    Checking defaults for OML/cmm/m/it on input line 25.
LaTeX Font Info:    ... okay on input line 25.
LaTeX Font Info:    Checking defaults for T1/cmr/m/n on input line 25.
LaTeX Font Info:    ... okay on input line 25.
LaTeX Font Info:    Checking defaults for OT1/cmr/m/n on input line 25.
LaTeX Font Info:    ... okay on input line 25.
LaTeX Font Info:    Checking defaults for OMS/cmsy/m/n on input line 25.
LaTeX Font Info:    ... okay on input line 25.
LaTeX Font Info:    Checking defaults for OMX/cmex/m/n on input line 25.
LaTeX Font Info:    ... okay on input line 25.
LaTeX Font Info:    Checking defaults for U/cmr/m/n on input line 25.
LaTeX Font Info:    ... okay on input line 25.
LaTeX Font Info:    External font `cmex10' loaded for size
(Font)              <20.74> on input line 33.
LaTeX Font Info:    External font `cmex10' loaded for size
(Font)              <14.4> on input line 33.
LaTeX Font Info:    External font `cmex10' loaded for size
(Font)              <12> on input line 33.
LaTeX Font Info:    External font `cmex10' loaded for size
(Font)              <7> on input line 33.
LaTeX Font Info:    Try loading font information for OMS+cmr on input line 33.

(/usr/local/texlive/2008/texmf-dist/tex/latex/base/omscmr.fd
File: omscmr.fd 1999/05/25 v2.5h Standard LaTeX font definitions
)
LaTeX Font Info:    Font shape `OMS/cmr/m/n' in size <14.4> not available
(Font)              Font shape `OMS/cmsy/m/n' tried instead on input line 33.
LaTeX Font Info:    External font `cmex10' loaded for size
(Font)              <10.95> on input line 37.
LaTeX Font Info:    External font `cmex10' loaded for size
(Font)              <8> on input line 37.
LaTeX Font Info:    External font `cmex10' loaded for size
(Font)              <6> on input line 37.
 [1


]
(./HepCppIntroGuide.toc
Class scrartcl Info: You've told me to use the font selection of the element
(scrartcl)           `sectioning' that is an alias of element `disposition'
(scrartcl)            on input line 1.
Class scrartcl Info: You've told me to use the font selection of the element
(scrartcl)           `sectioning' that is an alias of element `disposition'
(scrartcl)            on input line 2.
Class scrartcl Info: You've told me to use the font selection of the element
(scrartcl)           `sectioning' that is an alias of element `disposition'
(scrartcl)            on input line 16.
Class scrartcl Info: You've told me to use the font selection of the element
(scrartcl)           `sectioning' that is an alias of element `disposition'
(scrartcl)            on input line 35.
Class scrartcl Info: You've told me to use the font selection of the element
(scrartcl)           `sectioning' that is an alias of element `disposition'
(scrartcl)            on input line 45.
)
\tf@toc=\write3
\openout3 = `HepCppIntroGuide.toc'.

 [2

]
LaTeX Font Info:    Font shape `OMS/cmr/m/n' in size <10.95> not available
(Font)              Font shape `OMS/cmsy/m/n' tried instead on input line 70.
 [3

]
LaTeX Font Info:    Try loading font information for OMS+cmtt on input line 130
.
LaTeX Font Info:    No file OMScmtt.fd. on input line 130.


LaTeX Font Warning: Font shape `OMS/cmtt/m/n' undefined
(Font)              using `OMS/cmsy/m/n' instead
(Font)              for symbol `textbraceleft' on input line 130.

[4]
LaTeX Font Info:    External font `cmex10' loaded for size
(Font)              <9> on input line 186.
LaTeX Font Info:    External font `cmex10' loaded for size
(Font)              <5> on input line 186.

Overfull \hbox (4.49516pt too wide) in paragraph at lines 182--187
\OT1/cmr/m/n/10.95 se-lec-tion state-ments. Most com-mon of the the se-lec-tion
 state-ments are: \OT1/cmtt/m/n/10.95 if\OT1/cmr/m/n/10.95 , \OT1/cmtt/m/n/10.9
5 if else\OT1/cmr/m/n/10.95 , \OT1/cmtt/m/n/10.95 else
 []

[5] [6] [7]
File: figures/flowchart.eps Graphic file (type eps)
 <figures/flowchart.eps>
\fmbox=\box27


LaTeX Warning: `!h' float specifier changed to `!ht'.

[8] [9]
Overfull \hbox (11.52765pt too wide) in paragraph at lines 459--459
 []  \OT1/cmtt/m/n/10.95 while((c=std::cin.get())!=EOF) { // Get character unti
l end of file.[] 
 []

[10

]
Overfull \hbox (31.11159pt too wide) in paragraph at lines 474--477
\OT1/cmr/m/n/10.95 tracted and saved in a sep-a-rate file. Write a pro-gram to 
parse the file \OT1/cmtt/m/n/10.95 problem[]03/document.ps\OT1/cmr/m/n/10.95 ,
 []


Overfull \hbox (46.01978pt too wide) in paragraph at lines 516--516
 []      \OT1/cmtt/m/n/10.95 if((filename=strstr(line,beginDocument))!=NULL) { 
// If begin document[] 
 []


Overfull \hbox (74.76321pt too wide) in paragraph at lines 516--516
 []        \OT1/cmtt/m/n/10.95 filename += strlen(beginDocument);  // File name
 follows %%BeginDocument:[] 
 []


Overfull \hbox (11.52765pt too wide) in paragraph at lines 516--516
 []        \OT1/cmtt/m/n/10.95 outputFile =  new std::ofstream(filename); // Op
en output file[] 
 []

[11] [12] [13] [14]
Overfull \hbox (9.848pt too wide) in paragraph at lines 735--740
\OT1/cmtt/m/n/10.95 BasicParticle \OT1/cmr/m/n/10.95 ob-jects. The ad-di-tion o
f the two ob-jects is called from the \OT1/cmtt/m/n/10.95 main()$ $\OT1/cmr/m/n
/10.95 function. 
 []

[15]
File: figures/base_class_only.eps Graphic file (type eps)
 <figures/base_class_only.eps>
File: figures/no_polymorphism.eps Graphic file (type eps)
 <figures/no_polymorphism.eps>

LaTeX Warning: `h' float specifier changed to `ht'.


LaTeX Warning: `h' float specifier changed to `ht'.

[16]
File: figures/polymorphism.eps Graphic file (type eps)
 <figures/polymorphism.eps>

LaTeX Warning: `h' float specifier changed to `ht'.

[17]
Overfull \hbox (12.89603pt too wide) in paragraph at lines 867--867
[]  \OT1/cmtt/m/n/10.95 cout << "smearedParticle mass = " << smearedParticle->g
etMass() <<  endl;[] 
 []

[18] [19] [20]
Overfull \hbox (23.02502pt too wide) in paragraph at lines 1024--1024
 []  \OT1/cmtt/m/n/10.95 book(float value, float weight);  // Book an entry int
o the histogram.[] 
 []

[21] [22] [23] [24] [25]
Overfull \hbox (25.15913pt too wide) in paragraph at lines 1339--1348
[]\OT1/cmr/m/n/10.95 Example 21 demon-strates all of the nu-ances of con-nect-i
ng FOR-TRAN 77 and C$++ $together.
 []

[26] [27] [28] [29] [30] [31] [32]
Overfull \hbox (13.05371pt too wide) in paragraph at lines 1703--1707
\OT1/cmr/m/n/10.95 di-rec-tory, com-plete pro-gram by: (i) for each B me-son st
ore the con-tents of the \OT1/cmtt/m/n/10.95 hepevt[].phep
 []

(./HepCppIntroGuide.bbl) [33] (./HepCppIntroGuide.aux)

LaTeX Font Warning: Some font shapes were not available, defaults substituted.

 ) 
Here is how much of TeX's memory you used:
 1794 strings out of 493877
 26138 string characters out of 1150591
 100076 words of memory out of 3000000
 5072 multiletter control sequences out of 10000+50000
 12687 words of font info for 44 fonts, out of 3000000 for 5000
 714 hyphenation exceptions out of 8191
 36i,11n,43p,313b,423s stack positions out of 5000i,500n,10000p,200000b,50000s

Output written on HepCppIntroGuide.dvi (33 pages, 93076 bytes).
